<?xml version="1.0" encoding="UTF-8"?>
<!-- Generated by org.testng.reporters.JUnitReportReporter -->
<testsuite skipped="0" hostname="DESKTOP-S3LT895" name="FactoryDesignPatters.NewTestNGClass" tests="4" failures="0" timestamp="2020-08-07T08:25:14 IST" time="0.016" errors="0">
  <testcase name="test2" time="0.007" classname="FactoryDesignPatters.NewTestNGClass"/>
  <system-out/>
  <testcase name="test2" time="0.004" classname="FactoryDesignPatters.NewTestNGClass"/>
  <system-out/>
  <testcase name="test1" time="0.004" classname="FactoryDesignPatters.NewTestNGClass"/>
  <system-out/>
  <testcase name="test1" time="0.001" classname="FactoryDesignPatters.NewTestNGClass"/>
  <system-out/>
</testsuite> <!-- FactoryDesignPatters.NewTestNGClass -->
